0 verbose cli C:\Users\pc\AppData\Local\pi-node\current\node.exe C:\Users\pc\AppData\Local\pi-node\current\node_modules\npm\bin\npm-cli.js
1 info using npm@10.9.8
2 info using node@v22.23.1
3 silly config load:file:C:\Users\pc\AppData\Local\pi-node\current\node_modules\npm\npmrc
4 silly config load:file:C:\Users\pc\OneDrive\Desktop\TIF\TIF-AI\frontend\.npmrc
5 silly config load:file:C:\Users\pc\.npmrc
6 silly config load:file:C:\Users\pc\AppData\Local\pi-node\current\etc\npmrc
7 verbose title npm install ./tmp
8 verbose argv "install" "--cache" "./npm-cache" "--tmp" "./tmp"
9 verbose logfile logs-max:10 dir:C:\Users\pc\OneDrive\Desktop\TIF\TIF-AI\frontend\npm-cache\_logs\2026-06-26T17_49_24_140Z-
10 verbose logfile C:\Users\pc\OneDrive\Desktop\TIF\TIF-AI\frontend\npm-cache\_logs\2026-06-26T17_49_24_140Z-debug-0.log
11 silly logfile done cleaning log files
12 silly packumentCache heap:2089811968 maxSize:522452992 maxEntrySize:261226496
13 http fetch GET https://registry.npmjs.org/npm attempt 1 failed with EACCES
14 verbose stack Error: Could not read package.json: Error: ENOENT: no such file or directory, open 'C:\Users\pc\OneDrive\Desktop\TIF\TIF-AI\frontend\tmp\package.json'
14 verbose stack     at async open (node:internal/fs/promises:639:25)
14 verbose stack     at async readFile (node:internal/fs/promises:1252:14)
14 verbose stack     at async read (C:\Users\pc\AppData\Local\pi-node\current\node_modules\npm\node_modules\@npmcli\package-json\lib\read-package.js:9:18)
14 verbose stack     at async PackageJson.load (C:\Users\pc\AppData\Local\pi-node\current\node_modules\npm\node_modules\@npmcli\package-json\lib\index.js:132:31)
14 verbose stack     at async PackageJson.normalize (C:\Users\pc\AppData\Local\pi-node\current\node_modules\npm\node_modules\@npmcli\package-json\lib\index.js:118:5)
14 verbose stack     at async C:\Users\pc\AppData\Local\pi-node\current\node_modules\npm\node_modules\@npmcli\arborist\lib\arborist\build-ideal-tree.js:515:22
14 verbose stack     at async Promise.all (index 0)
14 verbose stack     at async #add (C:\Users\pc\AppData\Local\pi-node\current\node_modules\npm\node_modules\@npmcli\arborist\lib\arborist\build-ideal-tree.js:504:5)
14 verbose stack     at async #applyUserRequestsToNode (C:\Users\pc\AppData\Local\pi-node\current\node_modules\npm\node_modules\@npmcli\arborist\lib\arborist\build-ideal-tree.js:473:7)
14 verbose stack     at async #applyUserRequests (C:\Users\pc\AppData\Local\pi-node\current\node_modules\npm\node_modules\@npmcli\arborist\lib\arborist\build-ideal-tree.js:408:7)
15 error code ENOENT
16 error syscall open
17 error path C:\Users\pc\OneDrive\Desktop\TIF\TIF-AI\frontend\tmp\package.json
18 error errno -4058
19 error enoent Could not read package.json: Error: ENOENT: no such file or directory, open 'C:\Users\pc\OneDrive\Desktop\TIF\TIF-AI\frontend\tmp\package.json'
20 error enoent This is related to npm not being able to find a file.
20 error enoent
21 silly unfinished npm timer reify 1782496165414
22 silly unfinished npm timer reify:loadTrees 1782496165416
23 silly unfinished npm timer idealTree:userRequests 1782496167544
24 verbose cwd C:\Users\pc\OneDrive\Desktop\TIF\TIF-AI\frontend
25 verbose os Windows_NT 10.0.19042
26 verbose node v22.23.1
27 verbose npm  v10.9.8
28 verbose exit -4058
29 verbose code -4058
30 error A complete log of this run can be found in: C:\Users\pc\OneDrive\Desktop\TIF\TIF-AI\frontend\npm-cache\_logs\2026-06-26T17_49_24_140Z-debug-0.log
