0 verbose cli C:\Users\pc\AppData\Local\pi-node\current\node.exe C:\Users\pc\AppData\Local\pi-node\current\node_modules\npm\bin\npm-cli.js
1 info using npm@10.9.8
2 info using node@v22.23.1
3 silly config load:file:C:\Users\pc\AppData\Local\pi-node\current\node_modules\npm\npmrc
4 silly config load:file:C:\Users\pc\OneDrive\Desktop\TIF\TIF-AI\frontend\.npmrc
5 silly config load:file:C:\Users\pc\.npmrc
6 silly config load:file:C:\Users\pc\AppData\Local\pi-node\current\etc\npmrc
7 verbose title npm install react-router-dom
8 verbose argv "install" "react-router-dom" "--cache" ".npm-cache"
9 verbose logfile logs-max:10 dir:C:\Users\pc\OneDrive\Desktop\TIF\TIF-AI\frontend\.npm-cache\_logs\2026-06-26T17_40_18_519Z-
10 verbose logfile C:\Users\pc\OneDrive\Desktop\TIF\TIF-AI\frontend\.npm-cache\_logs\2026-06-26T17_40_18_519Z-debug-0.log
11 silly logfile done cleaning log files
12 silly packumentCache heap:2089811968 maxSize:522452992 maxEntrySize:261226496
13 silly idealTree buildDeps
14 silly fetch manifest react-router-dom@*
15 silly packumentCache full:https://registry.npmjs.org/react-router-dom cache-miss
16 http fetch GET https://registry.npmjs.org/npm attempt 1 failed with EACCES
17 verbose shrinkwrap failed to load node_modules/.package-lock.json out of date, updated: node_modules
18 http fetch GET https://registry.npmjs.org/react-router-dom attempt 1 failed with EACCES
19 http fetch GET https://registry.npmjs.org/npm attempt 2 failed with EACCES
20 http fetch GET https://registry.npmjs.org/react-router-dom attempt 2 failed with EACCES
21 http fetch GET https://registry.npmjs.org/npm attempt 3 failed with EACCES
22 http fetch GET https://registry.npmjs.org/react-router-dom attempt 3 failed with EACCES
23 silly placeDep ROOT react-router-dom@ OK for: frontend@0.1.0 want: *
24 verbose type system
25 verbose stack FetchError: request to https://registry.npmjs.org/react-router-dom failed, reason: 
25 verbose stack     at ClientRequest.<anonymous> (C:\Users\pc\AppData\Local\pi-node\current\node_modules\npm\node_modules\minipass-fetch\lib\index.js:130:14)
25 verbose stack     at ClientRequest.emit (node:events:519:28)
25 verbose stack     at emitErrorEvent (node:_http_client:108:11)
25 verbose stack     at _destroy (node:_http_client:967:9)
25 verbose stack     at onSocketNT (node:_http_client:987:5)
25 verbose stack     at process.processTicksAndRejections (node:internal/process/task_queues:90:21)
26 error code EACCES
27 error errno EACCES
28 error FetchError: request to https://registry.npmjs.org/react-router-dom failed, reason: 
28 error     at ClientRequest.<anonymous> (C:\Users\pc\AppData\Local\pi-node\current\node_modules\npm\node_modules\minipass-fetch\lib\index.js:130:14)
28 error     at ClientRequest.emit (node:events:519:28)
28 error     at emitErrorEvent (node:_http_client:108:11)
28 error     at _destroy (node:_http_client:967:9)
28 error     at onSocketNT (node:_http_client:987:5)
28 error     at process.processTicksAndRejections (node:internal/process/task_queues:90:21) {
28 error   code: 'EACCES',
28 error   errno: 'EACCES',
28 error   type: 'system',
28 error   requiredBy: '.'
28 error }
29 error
29 error The operation was rejected by your operating system.
29 error It's possible that the file was already in use (by a text editor or antivirus),
29 error or that you lack permissions to access it.
29 error
29 error If you believe this might be a permissions issue, please double-check the
29 error permissions of the file and its containing directories, or try running
29 error the command again as root/Administrator.
30 silly unfinished npm timer reify 1782495619308
31 silly unfinished npm timer reify:loadTrees 1782495619312
32 verbose cwd C:\Users\pc\OneDrive\Desktop\TIF\TIF-AI\frontend
33 verbose os Windows_NT 10.0.19042
34 verbose node v22.23.1
35 verbose npm  v10.9.8
36 verbose exit 1
37 verbose code 1
38 error A complete log of this run can be found in: C:\Users\pc\OneDrive\Desktop\TIF\TIF-AI\frontend\.npm-cache\_logs\2026-06-26T17_40_18_519Z-debug-0.log
